<?xml version="1.0" encoding="UTF-8"?>
<testng-results ignored="0" total="2" passed="2" failed="0" skipped="0">
  <reporter-output>
  </reporter-output>
  <suite started-at="2024-07-30T17:28:16 IST" name="Default suite" finished-at="2024-07-30T17:28:16 IST" duration-ms="56">
    <groups>
    </groups>
    <test started-at="2024-07-30T17:28:16 IST" name="Default test" finished-at="2024-07-30T17:28:16 IST" duration-ms="56">
      <class name="package_2.orgTest$Org">
        <test-method signature="createorgtest()[pri:0, instance:package_2.orgTest$Org@4145bad8]" started-at="2024-07-30T17:28:16 IST" name="createorgtest" finished-at="2024-07-30T17:28:16 IST" duration-ms="8" status="PASS">
          <reporter-output>
          </reporter-output>
        </test-method> <!-- createorgtest -->
        <test-method signature="modifyorgtest()[pri:0, instance:package_2.orgTest$Org@4145bad8]" started-at="2024-07-30T17:28:16 IST" name="modifyorgtest" finished-at="2024-07-30T17:28:16 IST" duration-ms="1" status="PASS">
          <reporter-output>
          </reporter-output>
        </test-method> <!-- modifyorgtest -->
      </class> <!-- package_2.orgTest$Org -->
    </test> <!-- Default test -->
  </suite> <!-- Default suite -->
</testng-results>
